[casbenchmark.cpp]: (information) Too many #ifdef configurations - cppcheck only checks 12 of 64 configurations. Use --force to check all configurations.
[/usr/include/c++/4.8/bits/stl_algobase.h:373]: (portability) Returning an integer in a function with pointer return type is not portable.
[/usr/include/c++/4.8/bits/locale_classes.h:467]: (warning) Member variable 'id::_M_index' is not initialized in the constructor.
[/usr/include/c++/4.8/bits/streambuf_iterator.h:216]: (style) The class 'ostreambuf_iterator' does not have a constructor.
[/usr/include/c++/4.8/bits/locale_classes.h:191]: (style) 'locale::operator=' should return 'locale &'.
[/usr/include/c++/4.8/bits/locale_classes.tcc:248]: (error) Deallocating a deallocated pointer: __c
[/usr/include/c++/4.8/bits/locale_classes.tcc:248]: (error) Memory pointed to by '__c' is freed twice.
[/usr/include/c++/4.8/bits/locale_facets.tcc:292]: (performance) Possible inefficient checking for '__found_grouping' emptiness.
[/usr/include/c++/4.8/bits/locale_facets.tcc:351]: (performance) Possible inefficient checking for '__found_grouping' emptiness.
[/usr/include/c++/4.8/bits/locale_facets.tcc:549]: (performance) Possible inefficient checking for '__found_grouping' emptiness.
[/usr/include/c++/4.8/bits/locale_facets.tcc:562]: (performance) Possible inefficient checking for '__found_grouping' emptiness.
[/usr/include/c++/4.8/bits/boost_concept_check.h:642] -> [/usr/include/c++/4.8/bits/boost_concept_check.h:643]: (performance) Variable '__i' is reassigned a value before the old one has been used.
[/usr/include/c++/4.8/bits/boost_concept_check.h:661] -> [/usr/include/c++/4.8/bits/boost_concept_check.h:662]: (performance) Variable '__i' is reassigned a value before the old one has been used.
[/usr/include/c++/4.8/bits/boost_concept_check.h:190]: (style) Variable '__ptr' is assigned a value that is never used.
[/usr/include/c++/4.8/bits/boost_concept_check.h:195]: (style) Variable '__ptr' is assigned a value that is never used.
[/usr/include/c++/4.8/bits/boost_concept_check.h:236]: (style) Variable '__x' is assigned a value that is never used.
[/usr/include/c++/4.8/bits/boost_concept_check.h:316]: (style) Variable '__r' is assigned a value that is never used.
[/usr/include/c++/4.8/bits/boost_concept_check.h:480]: (style) Variable '__r' is assigned a value that is never used.
[demo.cpp]: (information) Too many #ifdef configurations - cppcheck only checks 12 of 69 configurations. Use --force to check all configurations.
[demo_queue.cpp]: (information) Too many #ifdef configurations - cppcheck only checks 12 of 86 configurations. Use --force to check all configurations.
[/usr/include/c++/4.8/bits/vector.tcc:360] -> [/usr/include/c++/4.8/bits/vector.tcc:362]: (performance) Variable '__new_finish' is reassigned a value before the old one has been used.
[/usr/include/c++/4.8/bits/vector.tcc:491] -> [/usr/include/c++/4.8/bits/vector.tcc:493]: (performance) Variable '__new_finish' is reassigned a value before the old one has been used.
[../include/stack_node.hpp:23]: (warning) Member variable 'stack_node::m_next' is not initialized in the constructor.
[../include/stack_node.hpp:23]: (warning) Member variable 'stack_node::m_data' is not initialized in the constructor.
[../include/queue_spscfs.hpp:29]: (warning) Member variable 'BufferNode::m_data' is not initialized in the constructor.
[demo_stack.cpp]: (information) Too many #ifdef configurations - cppcheck only checks 12 of 86 configurations. Use --force to check all configurations.
[virtualbenchmark.cpp]: (information) Too many #ifdef configurations - cppcheck only checks 12 of 63 configurations. Use --force to check all configurations.
(information) Cppcheck cannot find all the include files (use --check-config for details)
