Checking casbenchmark.cpp...
Checking casbenchmark.cpp: _GLIBCXX_ATOMIC_BUILTINS...
Checking casbenchmark.cpp: _GLIBCXX_COMPATIBILITY_CXX0X...
Checking casbenchmark.cpp: _GLIBCXX_CONCEPT_CHECKS...
Checking casbenchmark.cpp: _GLIBCXX_CONCEPT_CHECKS;_GLIBCXX_USE_WCHAR_T...
Checking casbenchmark.cpp: _GLIBCXX_DEBUG...
Checking casbenchmark.cpp: _GLIBCXX_DEBUG;_GLIBCXX_DEBUG_PEDANTIC...
Checking casbenchmark.cpp: _GLIBCXX_DEBUG_PEDANTIC...
Checking casbenchmark.cpp: _GLIBCXX_EH_PTR_COMPAT...
Checking casbenchmark.cpp: _GLIBCXX_EXTERN_TEMPLATE...
Checking casbenchmark.cpp: _GLIBCXX_EXTERN_TEMPLATE;_GLIBCXX_USE_LONG_LONG...
Checking casbenchmark.cpp: _GLIBCXX_EXTERN_TEMPLATE;_GLIBCXX_USE_LONG_LONG;_GLIBCXX_USE_WCHAR_T...
1/5 files checked 15% done
Checking demo.cpp...
Checking demo.cpp: _GLIBCXX_ATOMIC_BUILTINS...
Checking demo.cpp: _GLIBCXX_COMPATIBILITY_CXX0X...
Checking demo.cpp: _GLIBCXX_CONCEPT_CHECKS...
Checking demo.cpp: _GLIBCXX_DEBUG...
Checking demo.cpp: _GLIBCXX_DEBUG;_GLIBCXX_DEBUG_PEDANTIC...
Checking demo.cpp: _GLIBCXX_DEBUG;__GCC_HAVE_SYNC_COMPARE_AND_SWAP_2;__GCC_HAVE_SYNC_COMPARE_AND_SWAP_4;__GTHREADS...
Checking demo.cpp: _GLIBCXX_DEBUG;__GTHREADS...
Checking demo.cpp: _GLIBCXX_DEBUG;__GTHREADS;__GTHREAD_HAS_COND...
Checking demo.cpp: _GLIBCXX_DEBUG;__GTHREAD_HAS_COND...
Checking demo.cpp: _GLIBCXX_DEBUG_PEDANTIC...
Checking demo.cpp: _GLIBCXX_EH_PTR_COMPAT...
2/5 files checked 39% done
Checking demo_queue.cpp...
Checking demo_queue.cpp: _GLIBCXX_ATOMIC_BUILTINS...
Checking demo_queue.cpp: _GLIBCXX_COMPATIBILITY_CXX0X...
Checking demo_queue.cpp: _GLIBCXX_CONCEPT_CHECKS...
Checking demo_queue.cpp: _GLIBCXX_DEBUG...
Checking demo_queue.cpp: _GLIBCXX_DEBUG;_GLIBCXX_DEBUG_PEDANTIC...
Checking demo_queue.cpp: _GLIBCXX_DEBUG;__GCC_HAVE_SYNC_COMPARE_AND_SWAP_2;__GCC_HAVE_SYNC_COMPARE_AND_SWAP_4;__GTHREADS...
Checking demo_queue.cpp: _GLIBCXX_DEBUG;__GTHREADS...
Checking demo_queue.cpp: _GLIBCXX_DEBUG;__GTHREADS;__GTHREAD_HAS_COND...
Checking demo_queue.cpp: _GLIBCXX_DEBUG;__GTHREAD_HAS_COND...
Checking demo_queue.cpp: _GLIBCXX_DEBUG_PEDANTIC...
Checking demo_queue.cpp: _GLIBCXX_EH_PTR_COMPAT...
3/5 files checked 68% done
Checking demo_stack.cpp...
Checking demo_stack.cpp: _GLIBCXX_ATOMIC_BUILTINS...
Checking demo_stack.cpp: _GLIBCXX_COMPATIBILITY_CXX0X...
Checking demo_stack.cpp: _GLIBCXX_CONCEPT_CHECKS...
Checking demo_stack.cpp: _GLIBCXX_DEBUG...
Checking demo_stack.cpp: _GLIBCXX_DEBUG;_GLIBCXX_DEBUG_PEDANTIC...
Checking demo_stack.cpp: _GLIBCXX_DEBUG;__GCC_HAVE_SYNC_COMPARE_AND_SWAP_2;__GCC_HAVE_SYNC_COMPARE_AND_SWAP_4;__GTHREADS...
Checking demo_stack.cpp: _GLIBCXX_DEBUG;__GTHREADS...
Checking demo_stack.cpp: _GLIBCXX_DEBUG;__GTHREADS;__GTHREAD_HAS_COND...
Checking demo_stack.cpp: _GLIBCXX_DEBUG;__GTHREAD_HAS_COND...
Checking demo_stack.cpp: _GLIBCXX_DEBUG_PEDANTIC...
Checking demo_stack.cpp: _GLIBCXX_EH_PTR_COMPAT...
4/5 files checked 75% done
Checking virtualbenchmark.cpp...
Checking virtualbenchmark.cpp: NDEBUG...
Checking virtualbenchmark.cpp: _GLIBCXX_ATOMIC_BUILTINS...
Checking virtualbenchmark.cpp: _GLIBCXX_COMPATIBILITY_CXX0X...
Checking virtualbenchmark.cpp: _GLIBCXX_CONCEPT_CHECKS...
Checking virtualbenchmark.cpp: _GLIBCXX_DEBUG...
Checking virtualbenchmark.cpp: _GLIBCXX_DEBUG;_GLIBCXX_DEBUG_PEDANTIC...
Checking virtualbenchmark.cpp: _GLIBCXX_DEBUG_PEDANTIC...
Checking virtualbenchmark.cpp: _GLIBCXX_EH_PTR_COMPAT...
Checking virtualbenchmark.cpp: _GLIBCXX_EXTERN_TEMPLATE...
Checking virtualbenchmark.cpp: _GLIBCXX_EXTERN_TEMPLATE;_GLIBCXX_USE_LONG_LONG...
Checking virtualbenchmark.cpp: _GLIBCXX_EXTERN_TEMPLATE;_GLIBCXX_USE_LONG_LONG;_GLIBCXX_USE_WCHAR_T...
5/5 files checked 100% done
Checking usage of global functions..
